The C compiler identification could not be found in "/home/xgy/tres/cmake-build-debug-remote-host-coverage/CMakeFiles/3.20.1/CompilerIdC/CMakeCCompilerId.gcno"

The CXX compiler identification could not be found in "/home/xgy/tres/cmake-build-debug-remote-host-coverage/CMakeFiles/3.20.1/CompilerIdCXX/CMakeCXXCompilerId.gcno"

Performing C SOURCE FILE Test CMAKE_HAVE_LIBC_PTHREAD failed with the following output:
Change Dir: /home/xgy/tres/cmake-build-debug-remote-host-coverage/CMakeFiles/CMakeTmp

Run Build Command(s):/usr/bin/make -f Makefile cmTC_4f702/fast && /usr/bin/make  -f CMakeFiles/cmTC_4f702.dir/build.make CMakeFiles/cmTC_4f702.dir/build
make[1]: Entering directory '/home/xgy/tres/cmake-build-debug-remote-host-coverage/CMakeFiles/CMakeTmp'
Building C object CMakeFiles/cmTC_4f702.dir/src.c.o
/usr/bin/cc -DCMAKE_HAVE_LIBC_PTHREAD  --coverage  -o CMakeFiles/cmTC_4f702.dir/src.c.o -c /home/xgy/tres/cmake-build-debug-remote-host-coverage/CMakeFiles/CMakeTmp/src.c
Linking C executable cmTC_4f702
/usr/local/bin/cmake -E cmake_link_script CMakeFiles/cmTC_4f702.dir/link.txt --verbose=1
/usr/bin/cc --coverage  CMakeFiles/cmTC_4f702.dir/src.c.o -o cmTC_4f702 
/usr/bin/ld: CMakeFiles/cmTC_4f702.dir/src.c.o: in function `main':
src.c:(.text+0x53): undefined reference to `pthread_create'
/usr/bin/ld: src.c:(.text+0x71): undefined reference to `pthread_detach'
/usr/bin/ld: src.c:(.text+0x8f): undefined reference to `pthread_cancel'
/usr/bin/ld: src.c:(.text+0xb2): undefined reference to `pthread_join'
collect2: error: ld returned 1 exit status
make[1]: *** [CMakeFiles/cmTC_4f702.dir/build.make:99: cmTC_4f702] Error 1
make[1]: Leaving directory '/home/xgy/tres/cmake-build-debug-remote-host-coverage/CMakeFiles/CMakeTmp'
make: *** [Makefile:127: cmTC_4f702/fast] Error 2


Source file was:
#include <pthread.h>

static void* test_func(void* data)
{
  return data;
}

int main(void)
{
  pthread_t thread;
  pthread_create(&thread, NULL, test_func, NULL);
  pthread_detach(thread);
  pthread_cancel(thread);
  pthread_join(thread, NULL);
  pthread_atfork(NULL, NULL, NULL);
  pthread_exit(NULL);

  return 0;
}

Determining if the function pthread_create exists in the pthreads failed with the following output:
Change Dir: /home/xgy/tres/cmake-build-debug-remote-host-coverage/CMakeFiles/CMakeTmp

Run Build Command(s):/usr/bin/make -f Makefile cmTC_45f0a/fast && /usr/bin/make  -f CMakeFiles/cmTC_45f0a.dir/build.make CMakeFiles/cmTC_45f0a.dir/build
make[1]: Entering directory '/home/xgy/tres/cmake-build-debug-remote-host-coverage/CMakeFiles/CMakeTmp'
Building C object CMakeFiles/cmTC_45f0a.dir/CheckFunctionExists.c.o
/usr/bin/cc   --coverage -DCHECK_FUNCTION_EXISTS=pthread_create -o CMakeFiles/cmTC_45f0a.dir/CheckFunctionExists.c.o -c /usr/local/share/cmake-3.20/Modules/CheckFunctionExists.c
Linking C executable cmTC_45f0a
/usr/local/bin/cmake -E cmake_link_script CMakeFiles/cmTC_45f0a.dir/link.txt --verbose=1
/usr/bin/cc --coverage -DCHECK_FUNCTION_EXISTS=pthread_create CMakeFiles/cmTC_45f0a.dir/CheckFunctionExists.c.o -o cmTC_45f0a  -lpthreads 
/usr/bin/ld: cannot find -lpthreads
collect2: error: ld returned 1 exit status
make[1]: *** [CMakeFiles/cmTC_45f0a.dir/build.make:99: cmTC_45f0a] Error 1
make[1]: Leaving directory '/home/xgy/tres/cmake-build-debug-remote-host-coverage/CMakeFiles/CMakeTmp'
make: *** [Makefile:127: cmTC_45f0a/fast] Error 2



